\BOOKMARK [1][-]{section.1}{\376\377\144\130\211\201}{}% 1
\BOOKMARK [1][-]{section.2}{\376\377\137\025\212\000}{}% 2
\BOOKMARK [2][-]{subsection.2.1}{\376\377\225\356\230\230\200\314\146\157}{section.2}% 3
\BOOKMARK [2][-]{subsection.2.2}{\376\377\225\356\230\230\221\315\217\360}{section.2}% 4
\BOOKMARK [2][-]{subsection.2.3}{\376\377\145\207\163\056\176\374\217\360}{section.2}% 5
\BOOKMARK [2][-]{subsection.2.4}{\376\377\142\021\116\354\166\204\135\345\117\134}{section.2}% 6
\BOOKMARK [1][-]{section.3}{\376\377\120\107\213\276}{}% 7
\BOOKMARK [1][-]{section.4}{\376\377\173\046\123\367\213\364\146\016}{}% 8
\BOOKMARK [1][-]{section.5}{\376\377\135\364\134\024\166\204\144\151\136\002\116\244\220\032\177\121\176\334\166\204\136\372\152\041}{}% 9
\BOOKMARK [2][-]{subsection.5.1}{\376\377\177\121\176\334\152\041\127\213\166\204\210\150\171\072}{section.5}% 10
\BOOKMARK [2][-]{subsection.5.2}{\376\377\127\372\116\216\202\202\160\271\124\214\217\271\147\103\221\315\145\071\217\333\166\204\000K\000-\000S\000h\000e\000l\000l\122\006\211\343\173\227\154\325}{section.5}% 11
\BOOKMARK [3][-]{subsubsection.5.2.1}{\376\377\135\362\167\345\145\160\143\156\166\204\122\006\174\173}{subsection.5.2}% 12
\BOOKMARK [3][-]{subsubsection.5.2.2}{\376\377\145\071\217\333\166\204\000K\000-\000S\000h\000e\000l\000l\122\006\211\343\173\227\154\325}{subsection.5.2}% 13
\BOOKMARK [2][-]{subsection.5.3}{\376\377\202\202\160\271\124\214\217\271\147\103\221\315\166\204\170\156\133\232}{section.5}% 14
\BOOKMARK [3][-]{subsubsection.5.3.1}{\376\377\160\271\147\103\221\315\166\204\170\156\133\232}{subsection.5.3}% 15
\BOOKMARK [3][-]{subsubsection.5.3.2}{\376\377\217\271\147\103\221\315\170\156\133\232}{subsection.5.3}% 16
\BOOKMARK [2][-]{subsection.5.4}{\376\377\165\061\122\051\166\312\166\370\121\163\145\271\170\156\133\232}{section.5}% 17
\BOOKMARK [2][-]{subsection.5.5}{\376\377\145\160\143\156\230\204\131\004\164\006}{section.5}% 18
\BOOKMARK [3][-]{subsubsection.5.5.1}{\376\377\145\160\143\156\173\133\220\011}{subsection.5.5}% 19
\BOOKMARK [3][-]{subsubsection.5.5.2}{\376\377\177\072\131\061\120\074\130\153\121\105\000:\000\040\137\353\220\037\130\153\121\105\173\227\154\325\170\156\133\232\000A\000A\000D\000T}{subsection.5.5}% 20
\BOOKMARK [2][-]{subsection.5.6}{\376\377\135\364\134\024\166\204\144\151\136\002\116\244\220\032\177\121\176\334\166\204\123\357\211\306\123\026}{section.5}% 21
\BOOKMARK [1][-]{section.6}{\376\377\225\356\230\230\0001\377\032\116\244\220\032\177\121\176\334\152\041\127\213\136\224\165\050\116\216\137\027\147\027\211\177\145\257\000\267\145\257\171\321\162\171\000\267\127\372\150\145\120\022\130\114\116\213\116\366}{}% 22
\BOOKMARK [1][-]{section.7}{\376\377\225\356\230\230\0002\377\032\116\244\220\032\177\121\176\334\152\041\127\213\136\224\165\050\116\216\117\030\123\026\121\154\116\244\176\277\215\357}{}% 23
\BOOKMARK [2][-]{subsection.7.1}{\376\377\127\372\116\216\000\040\000P\000C\000A\000\040\166\204\162\171\137\201\147\103\221\315\122\006\147\220}{section.7}% 24
\BOOKMARK [3][-]{subsubsection.7.1.1}{\376\377\145\160\143\156\220\011\142\351\116\016\131\004\164\006}{subsection.7.1}% 25
\BOOKMARK [3][-]{subsubsection.7.1.2}{\376\377\116\073\142\020\122\006\122\006\147\220}{subsection.7.1}% 26
\BOOKMARK [3][-]{subsubsection.7.1.3}{\376\377\162\171\137\201\147\103\221\315\213\241\173\227}{subsection.7.1}% 27
\BOOKMARK [2][-]{subsection.7.2}{\376\377\127\372\116\216\000K\000-\000P\000r\000o\000t\000o\000t\000y\000p\000e\000s\166\204\121\154\116\244\172\331\160\271\200\132\174\173}{section.7}% 28
\BOOKMARK [2][-]{subsection.7.3}{\376\377\127\372\116\216\200\132\174\173\176\323\147\234\166\204\121\154\116\244\176\277\215\357\117\030\123\026}{section.7}% 29
\BOOKMARK [2][-]{subsection.7.4}{\376\377\133\371\124\150\217\271\127\060\123\072\122\051\166\312\166\370\121\163\200\005\166\204\137\161\124\315}{section.7}% 30
\BOOKMARK [1][-]{section.8}{\376\377\225\356\230\230\0003\377\032\135\364\134\024\166\204\144\151\116\244\220\032\177\121\176\334\166\204\142\345\130\065\173\241\164\006\173\126\165\145}{}% 31
\BOOKMARK [2][-]{subsection.8.1}{\376\377\135\364\134\024\166\204\144\151\136\002\166\204\116\244\220\032\226\220\140\243}{section.8}% 32
\BOOKMARK [2][-]{subsection.8.2}{\376\377\116\244\220\032\142\345\130\065\166\204\143\007\145\160\152\041\127\213\123\312\142\345\130\065\173\241\164\006\173\126\165\145}{section.8}% 33
\BOOKMARK [2][-]{subsection.8.3}{\376\377\116\244\220\032\142\345\130\065\173\241\164\006\173\126\165\145\133\371\124\004\145\271\122\051\166\312\166\204\137\161\124\315}{section.8}% 34
\BOOKMARK [1][-]{section.9}{\376\377\000S\000e\000n\000s\000i\000t\000i\000v\000i\000t\000y\000\040\000A\000n\000a\000l\000y\000s\000i\000s}{}% 35
\BOOKMARK [1][-]{section.10}{\376\377\000A\000d\000v\000a\000n\000t\000a\000g\000e\000s\000\040\000a\000n\000d\000\040\000D\000i\000s\000a\000d\000v\000a\000n\000t\000a\000g\000e\000s}{}% 36
\BOOKMARK [2][-]{subsection.10.1}{\376\377\000A\000d\000v\000a\000n\000t\000a\000g\000e\000s}{section.10}% 37
\BOOKMARK [2][-]{subsection.10.2}{\376\377\000D\000i\000s\000a\000d\000v\000a\000n\000t\000a\000g\000e\000s\000\040\000a\000n\000d\000\040\000I\000m\000p\000r\000o\000v\000e\000m\000e\000n\000t\000s}{section.10}% 38
\BOOKMARK [3][-]{subsubsection.10.2.1}{\376\377\000D\000i\000s\000a\000d\000v\000a\000n\000t\000a\000g\000e\000s}{subsection.10.2}% 39
\BOOKMARK [3][-]{subsubsection.10.2.2}{\376\377\000I\000m\000p\000r\000o\000v\000e\000m\000e\000n\000t\000s}{subsection.10.2}% 40
\BOOKMARK [1][-]{Item.14}{\376\377\117\341\116\366}{}% 41
\BOOKMARK [1][-]{section.11}{\376\377\137\025\165\050\145\207\163\056}{}% 42
